2025-03-19T12:07:50.066+05:30  INFO 9252 --- [Address] [restartedMain] c.A.Address.AddressApplication           : Starting AddressApplication using Java 23.0.2 with PID 9252 (D:\AddressBookWorkShop\target\classes started by ashut in D:\AddressBookWorkShop)
2025-03-19T12:07:50.069+05:30 DEBUG 9252 --- [Address] [restartedMain] c.A.Address.AddressApplication           : Running with Spring Boot v3.4.3, Spring v6.2.3
2025-03-19T12:07:50.070+05:30  INFO 9252 --- [Address] [restartedMain] c.A.Address.AddressApplication           : No active profile set, falling back to 1 default profile: "default"
2025-03-19T12:07:50.152+05:30  INFO 9252 --- [Address] [restartedMain] .e.DevToolsPropertyDefaultsPostProcessor : Devtools property defaults active! Set 'spring.devtools.add-properties' to 'false' to disable
2025-03-19T12:07:50.158+05:30  INFO 9252 --- [Address] [restartedMain] .e.DevToolsPropertyDefaultsPostProcessor : For additional web related logging consider setting the 'logging.level.web' property to 'DEBUG'
2025-03-19T12:07:51.328+05:30  INFO 9252 --- [Address] [restartedMain] .s.d.r.c.RepositoryConfigurationDelegate : Multiple Spring Data modules found, entering strict repository configuration mode
2025-03-19T12:07:51.330+05:30  INFO 9252 --- [Address] [restartedMain] .s.d.r.c.RepositoryConfigurationDelegate : Bootstrapping Spring Data JPA repositories in DEFAULT mode.
2025-03-19T12:07:51.484+05:30  INFO 9252 --- [Address] [restartedMain] .s.d.r.c.RepositoryConfigurationDelegate : Finished Spring Data repository scanning in 139 ms. Found 2 JPA repository interfaces.
2025-03-19T12:07:51.504+05:30  INFO 9252 --- [Address] [restartedMain] .s.d.r.c.RepositoryConfigurationDelegate : Multiple Spring Data modules found, entering strict repository configuration mode
2025-03-19T12:07:51.506+05:30  INFO 9252 --- [Address] [restartedMain] .s.d.r.c.RepositoryConfigurationDelegate : Bootstrapping Spring Data Redis repositories in DEFAULT mode.
2025-03-19T12:07:51.530+05:30  INFO 9252 --- [Address] [restartedMain] .RepositoryConfigurationExtensionSupport : Spring Data Redis - Could not safely identify store assignment for repository candidate interface com.AddressBook.Address.repository.AddressRepository; If you want this repository to be a Redis repository, consider annotating your entities with one of these annotations: org.springframework.data.redis.core.RedisHash (preferred), or consider extending one of the following types with your repository: org.springframework.data.keyvalue.repository.KeyValueRepository
2025-03-19T12:07:51.532+05:30  INFO 9252 --- [Address] [restartedMain] .RepositoryConfigurationExtensionSupport : Spring Data Redis - Could not safely identify store assignment for repository candidate interface com.AddressBook.Address.repository.UserRepository; If you want this repository to be a Redis repository, consider annotating your entities with one of these annotations: org.springframework.data.redis.core.RedisHash (preferred), or consider extending one of the following types with your repository: org.springframework.data.keyvalue.repository.KeyValueRepository
2025-03-19T12:07:51.532+05:30  INFO 9252 --- [Address] [restartedMain] .s.d.r.c.RepositoryConfigurationDelegate : Finished Spring Data repository scanning in 11 ms. Found 0 Redis repository interfaces.
2025-03-19T12:07:52.349+05:30  INFO 9252 --- [Address] [restartedMain] o.s.b.w.embedded.tomcat.TomcatWebServer  : Tomcat initialized with port 8080 (http)
2025-03-19T12:07:52.364+05:30  INFO 9252 --- [Address] [restartedMain] o.apache.catalina.core.StandardService   : Starting service [Tomcat]
2025-03-19T12:07:52.365+05:30  INFO 9252 --- [Address] [restartedMain] o.apache.catalina.core.StandardEngine    : Starting Servlet engine: [Apache Tomcat/10.1.36]
2025-03-19T12:07:52.437+05:30  INFO 9252 --- [Address] [restartedMain] o.a.c.c.C.[Tomcat].[localhost].[/]       : Initializing Spring embedded WebApplicationContext
2025-03-19T12:07:52.438+05:30  INFO 9252 --- [Address] [restartedMain] w.s.c.ServletWebServerApplicationContext : Root WebApplicationContext: initialization completed in 2280 ms
2025-03-19T12:07:52.514+05:30 DEBUG 9252 --- [Address] [restartedMain] com.AddressBook.Address.util.JwtFilter   : Filter 'jwtFilter' configured for use
2025-03-19T12:07:52.661+05:30  INFO 9252 --- [Address] [restartedMain] o.hibernate.jpa.internal.util.LogHelper  : HHH000204: Processing PersistenceUnitInfo [name: default]
2025-03-19T12:07:52.724+05:30  INFO 9252 --- [Address] [restartedMain] org.hibernate.Version                    : HHH000412: Hibernate ORM core version 6.6.8.Final
2025-03-19T12:07:52.761+05:30  INFO 9252 --- [Address] [restartedMain] o.h.c.internal.RegionFactoryInitiator    : HHH000026: Second-level cache disabled
2025-03-19T12:07:53.108+05:30  INFO 9252 --- [Address] [restartedMain] o.s.o.j.p.SpringPersistenceUnitInfo      : No LoadTimeWeaver setup: ignoring JPA class transformer
2025-03-19T12:07:53.139+05:30  INFO 9252 --- [Address] [restartedMain] com.zaxxer.hikari.HikariDataSource       : HikariPool-1 - Starting...
2025-03-19T12:07:53.487+05:30  INFO 9252 --- [Address] [restartedMain] com.zaxxer.hikari.pool.HikariPool        : HikariPool-1 - Added connection com.mysql.cj.jdbc.ConnectionImpl@6cfbf2aa
2025-03-19T12:07:53.491+05:30  INFO 9252 --- [Address] [restartedMain] com.zaxxer.hikari.HikariDataSource       : HikariPool-1 - Start completed.
2025-03-19T12:07:53.538+05:30  WARN 9252 --- [Address] [restartedMain] org.hibernate.orm.deprecation            : HHH90000025: MySQL8Dialect does not need to be specified explicitly using 'hibernate.dialect' (remove the property setting and it will be selected by default)
2025-03-19T12:07:53.539+05:30  WARN 9252 --- [Address] [restartedMain] org.hibernate.orm.deprecation            : HHH90000026: MySQL8Dialect has been deprecated; use org.hibernate.dialect.MySQLDialect instead
2025-03-19T12:07:53.561+05:30  INFO 9252 --- [Address] [restartedMain] org.hibernate.orm.connections.pooling    : HHH10001005: Database info:
	Database JDBC URL [Connecting through datasource 'HikariDataSource (HikariPool-1)']
	Database driver: undefined/unknown
	Database version: 8.0
	Autocommit mode: undefined/unknown
	Isolation level: undefined/unknown
	Minimum pool size: undefined/unknown
	Maximum pool size: undefined/unknown
2025-03-19T12:07:54.376+05:30  INFO 9252 --- [Address] [restartedMain] o.h.e.t.j.p.i.JtaPlatformInitiator       : HHH000489: No JTA platform available (set 'hibernate.transaction.jta.platform' to enable JTA platform integration)
2025-03-19T12:07:54.425+05:30  INFO 9252 --- [Address] [restartedMain] j.LocalContainerEntityManagerFactoryBean : Initialized JPA EntityManagerFactory for persistence unit 'default'
2025-03-19T12:07:55.299+05:30  WARN 9252 --- [Address] [restartedMain] JpaBaseConfiguration$JpaWebConfiguration : spring.jpa.open-in-view is enabled by default. Therefore, database queries may be performed during view rendering. Explicitly configure spring.jpa.open-in-view to disable this warning
2025-03-19T12:07:56.083+05:30  INFO 9252 --- [Address] [restartedMain] o.s.b.d.a.OptionalLiveReloadServer       : LiveReload server is running on port 35729
2025-03-19T12:07:56.143+05:30  INFO 9252 --- [Address] [restartedMain] o.s.b.w.embedded.tomcat.TomcatWebServer  : Tomcat started on port 8080 (http) with context path '/'
2025-03-19T12:07:56.148+05:30  INFO 9252 --- [Address] [restartedMain] o.s.a.r.c.CachingConnectionFactory       : Attempting to connect to: [localhost:5672]
2025-03-19T12:07:56.198+05:30  INFO 9252 --- [Address] [restartedMain] o.s.a.r.c.CachingConnectionFactory       : Created new connection: rabbitConnectionFactory#52b3d947:0/SimpleConnection@495dc80d [delegate=amqp://guest@127.0.0.1:5672/, localPort=54824]
2025-03-19T12:07:56.262+05:30  INFO 9252 --- [Address] [restartedMain] c.A.Address.AddressApplication           : Started AddressApplication in 6.727 seconds (process running for 7.344)
2025-03-19T12:08:02.809+05:30  INFO 9252 --- [Address] [org.springframework.amqp.rabbit.RabbitListenerEndpointContainer#0-2] o.s.a.r.l.SimpleMessageListenerContainer : Waiting for workers to finish.
2025-03-19T12:08:02.812+05:30  INFO 9252 --- [Address] [org.springframework.amqp.rabbit.RabbitListenerEndpointContainer#1-2] o.s.a.r.l.SimpleMessageListenerContainer : Waiting for workers to finish.
2025-03-19T12:08:03.316+05:30  INFO 9252 --- [Address] [org.springframework.amqp.rabbit.RabbitListenerEndpointContainer#1-2] o.s.a.r.l.SimpleMessageListenerContainer : Successfully waited for workers to finish.
2025-03-19T12:08:03.316+05:30  INFO 9252 --- [Address] [org.springframework.amqp.rabbit.RabbitListenerEndpointContainer#0-2] o.s.a.r.l.SimpleMessageListenerContainer : Successfully waited for workers to finish.
2025-03-19T12:08:03.322+05:30  INFO 9252 --- [Address] [SpringApplicationShutdownHook] o.s.b.w.e.tomcat.GracefulShutdown        : Commencing graceful shutdown. Waiting for active requests to complete
2025-03-19T12:08:03.356+05:30  INFO 9252 --- [Address] [tomcat-shutdown] o.s.b.w.e.tomcat.GracefulShutdown        : Graceful shutdown complete
2025-03-19T12:08:03.555+05:30  INFO 9252 --- [Address] [SpringApplicationShutdownHook] j.LocalContainerEntityManagerFactoryBean : Closing JPA EntityManagerFactory for persistence unit 'default'
2025-03-19T12:08:03.570+05:30  INFO 9252 --- [Address] [SpringApplicationShutdownHook] com.zaxxer.hikari.HikariDataSource       : HikariPool-1 - Shutdown initiated...
2025-03-19T12:08:03.617+05:30  INFO 9252 --- [Address] [SpringApplicationShutdownHook] com.zaxxer.hikari.HikariDataSource       : HikariPool-1 - Shutdown completed.
2025-03-19T12:14:56.685+05:30  INFO 1608 --- [Address] [restartedMain] c.A.Address.AddressApplication           : Starting AddressApplication using Java 23.0.2 with PID 1608 (D:\AddressBookWorkShop\target\classes started by ashut in D:\AddressBookWorkShop)
2025-03-19T12:14:56.687+05:30 DEBUG 1608 --- [Address] [restartedMain] c.A.Address.AddressApplication           : Running with Spring Boot v3.4.3, Spring v6.2.3
2025-03-19T12:14:56.687+05:30  INFO 1608 --- [Address] [restartedMain] c.A.Address.AddressApplication           : No active profile set, falling back to 1 default profile: "default"
2025-03-19T12:14:56.752+05:30  INFO 1608 --- [Address] [restartedMain] .e.DevToolsPropertyDefaultsPostProcessor : Devtools property defaults active! Set 'spring.devtools.add-properties' to 'false' to disable
2025-03-19T12:14:56.752+05:30  INFO 1608 --- [Address] [restartedMain] .e.DevToolsPropertyDefaultsPostProcessor : For additional web related logging consider setting the 'logging.level.web' property to 'DEBUG'
2025-03-19T12:14:57.945+05:30  INFO 1608 --- [Address] [restartedMain] .s.d.r.c.RepositoryConfigurationDelegate : Multiple Spring Data modules found, entering strict repository configuration mode
2025-03-19T12:14:57.946+05:30  INFO 1608 --- [Address] [restartedMain] .s.d.r.c.RepositoryConfigurationDelegate : Bootstrapping Spring Data JPA repositories in DEFAULT mode.
2025-03-19T12:14:58.101+05:30  INFO 1608 --- [Address] [restartedMain] .s.d.r.c.RepositoryConfigurationDelegate : Finished Spring Data repository scanning in 144 ms. Found 2 JPA repository interfaces.
2025-03-19T12:14:58.121+05:30  INFO 1608 --- [Address] [restartedMain] .s.d.r.c.RepositoryConfigurationDelegate : Multiple Spring Data modules found, entering strict repository configuration mode
2025-03-19T12:14:58.122+05:30  INFO 1608 --- [Address] [restartedMain] .s.d.r.c.RepositoryConfigurationDelegate : Bootstrapping Spring Data Redis repositories in DEFAULT mode.
2025-03-19T12:14:58.145+05:30  INFO 1608 --- [Address] [restartedMain] .RepositoryConfigurationExtensionSupport : Spring Data Redis - Could not safely identify store assignment for repository candidate interface com.AddressBook.Address.repository.AddressRepository; If you want this repository to be a Redis repository, consider annotating your entities with one of these annotations: org.springframework.data.redis.core.RedisHash (preferred), or consider extending one of the following types with your repository: org.springframework.data.keyvalue.repository.KeyValueRepository
2025-03-19T12:14:58.146+05:30  INFO 1608 --- [Address] [restartedMain] .RepositoryConfigurationExtensionSupport : Spring Data Redis - Could not safely identify store assignment for repository candidate interface com.AddressBook.Address.repository.UserRepository; If you want this repository to be a Redis repository, consider annotating your entities with one of these annotations: org.springframework.data.redis.core.RedisHash (preferred), or consider extending one of the following types with your repository: org.springframework.data.keyvalue.repository.KeyValueRepository
2025-03-19T12:14:58.147+05:30  INFO 1608 --- [Address] [restartedMain] .s.d.r.c.RepositoryConfigurationDelegate : Finished Spring Data repository scanning in 11 ms. Found 0 Redis repository interfaces.
2025-03-19T12:14:59.028+05:30  INFO 1608 --- [Address] [restartedMain] o.s.b.w.embedded.tomcat.TomcatWebServer  : Tomcat initialized with port 8080 (http)
2025-03-19T12:14:59.049+05:30  INFO 1608 --- [Address] [restartedMain] o.apache.catalina.core.StandardService   : Starting service [Tomcat]
2025-03-19T12:14:59.049+05:30  INFO 1608 --- [Address] [restartedMain] o.apache.catalina.core.StandardEngine    : Starting Servlet engine: [Apache Tomcat/10.1.36]
2025-03-19T12:14:59.122+05:30  INFO 1608 --- [Address] [restartedMain] o.a.c.c.C.[Tomcat].[localhost].[/]       : Initializing Spring embedded WebApplicationContext
2025-03-19T12:14:59.123+05:30  INFO 1608 --- [Address] [restartedMain] w.s.c.ServletWebServerApplicationContext : Root WebApplicationContext: initialization completed in 2369 ms
2025-03-19T12:14:59.198+05:30 DEBUG 1608 --- [Address] [restartedMain] com.AddressBook.Address.util.JwtFilter   : Filter 'jwtFilter' configured for use
2025-03-19T12:14:59.343+05:30  INFO 1608 --- [Address] [restartedMain] o.hibernate.jpa.internal.util.LogHelper  : HHH000204: Processing PersistenceUnitInfo [name: default]
2025-03-19T12:14:59.403+05:30  INFO 1608 --- [Address] [restartedMain] org.hibernate.Version                    : HHH000412: Hibernate ORM core version 6.6.8.Final
2025-03-19T12:14:59.446+05:30  INFO 1608 --- [Address] [restartedMain] o.h.c.internal.RegionFactoryInitiator    : HHH000026: Second-level cache disabled
2025-03-19T12:14:59.797+05:30  INFO 1608 --- [Address] [restartedMain] o.s.o.j.p.SpringPersistenceUnitInfo      : No LoadTimeWeaver setup: ignoring JPA class transformer
2025-03-19T12:14:59.834+05:30  INFO 1608 --- [Address] [restartedMain] com.zaxxer.hikari.HikariDataSource       : HikariPool-1 - Starting...
2025-03-19T12:15:00.195+05:30  INFO 1608 --- [Address] [restartedMain] com.zaxxer.hikari.pool.HikariPool        : HikariPool-1 - Added connection com.mysql.cj.jdbc.ConnectionImpl@413b3016
2025-03-19T12:15:00.197+05:30  INFO 1608 --- [Address] [restartedMain] com.zaxxer.hikari.HikariDataSource       : HikariPool-1 - Start completed.
2025-03-19T12:15:00.246+05:30  WARN 1608 --- [Address] [restartedMain] org.hibernate.orm.deprecation            : HHH90000025: MySQL8Dialect does not need to be specified explicitly using 'hibernate.dialect' (remove the property setting and it will be selected by default)
2025-03-19T12:15:00.247+05:30  WARN 1608 --- [Address] [restartedMain] org.hibernate.orm.deprecation            : HHH90000026: MySQL8Dialect has been deprecated; use org.hibernate.dialect.MySQLDialect instead
2025-03-19T12:15:00.270+05:30  INFO 1608 --- [Address] [restartedMain] org.hibernate.orm.connections.pooling    : HHH10001005: Database info:
	Database JDBC URL [Connecting through datasource 'HikariDataSource (HikariPool-1)']
	Database driver: undefined/unknown
	Database version: 8.0
	Autocommit mode: undefined/unknown
	Isolation level: undefined/unknown
	Minimum pool size: undefined/unknown
	Maximum pool size: undefined/unknown
2025-03-19T12:15:01.094+05:30  INFO 1608 --- [Address] [restartedMain] o.h.e.t.j.p.i.JtaPlatformInitiator       : HHH000489: No JTA platform available (set 'hibernate.transaction.jta.platform' to enable JTA platform integration)
2025-03-19T12:15:01.136+05:30  INFO 1608 --- [Address] [restartedMain] j.LocalContainerEntityManagerFactoryBean : Initialized JPA EntityManagerFactory for persistence unit 'default'
2025-03-19T12:15:02.105+05:30  WARN 1608 --- [Address] [restartedMain] JpaBaseConfiguration$JpaWebConfiguration : spring.jpa.open-in-view is enabled by default. Therefore, database queries may be performed during view rendering. Explicitly configure spring.jpa.open-in-view to disable this warning
2025-03-19T12:15:02.922+05:30  INFO 1608 --- [Address] [restartedMain] o.s.b.d.a.OptionalLiveReloadServer       : LiveReload server is running on port 35729
2025-03-19T12:15:02.991+05:30  INFO 1608 --- [Address] [restartedMain] o.s.b.w.embedded.tomcat.TomcatWebServer  : Tomcat started on port 8080 (http) with context path '/'
2025-03-19T12:15:02.994+05:30  INFO 1608 --- [Address] [restartedMain] o.s.a.r.c.CachingConnectionFactory       : Attempting to connect to: [localhost:5672]
2025-03-19T12:15:03.046+05:30  INFO 1608 --- [Address] [restartedMain] o.s.a.r.c.CachingConnectionFactory       : Created new connection: rabbitConnectionFactory#3d072fe9:0/SimpleConnection@387264b7 [delegate=amqp://guest@127.0.0.1:5672/, localPort=49662]
2025-03-19T12:15:03.130+05:30  INFO 1608 --- [Address] [restartedMain] c.A.Address.AddressApplication           : Started AddressApplication in 6.977 seconds (process running for 7.604)
2025-03-19T12:15:07.845+05:30  INFO 1608 --- [Address] [org.springframework.amqp.rabbit.RabbitListenerEndpointContainer#0-2] o.s.a.r.l.SimpleMessageListenerContainer : Waiting for workers to finish.
2025-03-19T12:15:07.846+05:30  INFO 1608 --- [Address] [org.springframework.amqp.rabbit.RabbitListenerEndpointContainer#1-2] o.s.a.r.l.SimpleMessageListenerContainer : Waiting for workers to finish.
2025-03-19T12:15:08.159+05:30  INFO 1608 --- [Address] [org.springframework.amqp.rabbit.RabbitListenerEndpointContainer#1-2] o.s.a.r.l.SimpleMessageListenerContainer : Successfully waited for workers to finish.
2025-03-19T12:15:08.159+05:30  INFO 1608 --- [Address] [org.springframework.amqp.rabbit.RabbitListenerEndpointContainer#0-2] o.s.a.r.l.SimpleMessageListenerContainer : Successfully waited for workers to finish.
2025-03-19T12:15:08.163+05:30  INFO 1608 --- [Address] [SpringApplicationShutdownHook] o.s.b.w.e.tomcat.GracefulShutdown        : Commencing graceful shutdown. Waiting for active requests to complete
2025-03-19T12:15:08.190+05:30  INFO 1608 --- [Address] [tomcat-shutdown] o.s.b.w.e.tomcat.GracefulShutdown        : Graceful shutdown complete
2025-03-19T12:15:08.365+05:30  INFO 1608 --- [Address] [SpringApplicationShutdownHook] j.LocalContainerEntityManagerFactoryBean : Closing JPA EntityManagerFactory for persistence unit 'default'
2025-03-19T12:15:08.381+05:30  INFO 1608 --- [Address] [SpringApplicationShutdownHook] com.zaxxer.hikari.HikariDataSource       : HikariPool-1 - Shutdown initiated...
2025-03-19T12:15:08.427+05:30  INFO 1608 --- [Address] [SpringApplicationShutdownHook] com.zaxxer.hikari.HikariDataSource       : HikariPool-1 - Shutdown completed.
2025-03-19T12:15:56.269+05:30  INFO 13792 --- [Address] [restartedMain] c.A.Address.AddressApplication           : Starting AddressApplication using Java 23.0.2 with PID 13792 (D:\AddressBookWorkShop\target\classes started by ashut in D:\AddressBookWorkShop)
2025-03-19T12:15:56.271+05:30 DEBUG 13792 --- [Address] [restartedMain] c.A.Address.AddressApplication           : Running with Spring Boot v3.4.3, Spring v6.2.3
2025-03-19T12:15:56.273+05:30  INFO 13792 --- [Address] [restartedMain] c.A.Address.AddressApplication           : No active profile set, falling back to 1 default profile: "default"
2025-03-19T12:15:56.343+05:30  INFO 13792 --- [Address] [restartedMain] .e.DevToolsPropertyDefaultsPostProcessor : Devtools property defaults active! Set 'spring.devtools.add-properties' to 'false' to disable
2025-03-19T12:15:56.343+05:30  INFO 13792 --- [Address] [restartedMain] .e.DevToolsPropertyDefaultsPostProcessor : For additional web related logging consider setting the 'logging.level.web' property to 'DEBUG'
2025-03-19T12:15:57.518+05:30  INFO 13792 --- [Address] [restartedMain] .s.d.r.c.RepositoryConfigurationDelegate : Multiple Spring Data modules found, entering strict repository configuration mode
2025-03-19T12:15:57.519+05:30  INFO 13792 --- [Address] [restartedMain] .s.d.r.c.RepositoryConfigurationDelegate : Bootstrapping Spring Data JPA repositories in DEFAULT mode.
2025-03-19T12:15:57.656+05:30  INFO 13792 --- [Address] [restartedMain] .s.d.r.c.RepositoryConfigurationDelegate : Finished Spring Data repository scanning in 127 ms. Found 2 JPA repository interfaces.
2025-03-19T12:15:57.678+05:30  INFO 13792 --- [Address] [restartedMain] .s.d.r.c.RepositoryConfigurationDelegate : Multiple Spring Data modules found, entering strict repository configuration mode
2025-03-19T12:15:57.679+05:30  INFO 13792 --- [Address] [restartedMain] .s.d.r.c.RepositoryConfigurationDelegate : Bootstrapping Spring Data Redis repositories in DEFAULT mode.
2025-03-19T12:15:57.698+05:30  INFO 13792 --- [Address] [restartedMain] .RepositoryConfigurationExtensionSupport : Spring Data Redis - Could not safely identify store assignment for repository candidate interface com.AddressBook.Address.repository.AddressRepository; If you want this repository to be a Redis repository, consider annotating your entities with one of these annotations: org.springframework.data.redis.core.RedisHash (preferred), or consider extending one of the following types with your repository: org.springframework.data.keyvalue.repository.KeyValueRepository
2025-03-19T12:15:57.699+05:30  INFO 13792 --- [Address] [restartedMain] .RepositoryConfigurationExtensionSupport : Spring Data Redis - Could not safely identify store assignment for repository candidate interface com.AddressBook.Address.repository.UserRepository; If you want this repository to be a Redis repository, consider annotating your entities with one of these annotations: org.springframework.data.redis.core.RedisHash (preferred), or consider extending one of the following types with your repository: org.springframework.data.keyvalue.repository.KeyValueRepository
2025-03-19T12:15:57.699+05:30  INFO 13792 --- [Address] [restartedMain] .s.d.r.c.RepositoryConfigurationDelegate : Finished Spring Data repository scanning in 7 ms. Found 0 Redis repository interfaces.
2025-03-19T12:15:58.554+05:30  INFO 13792 --- [Address] [restartedMain] o.s.b.w.embedded.tomcat.TomcatWebServer  : Tomcat initialized with port 8080 (http)
2025-03-19T12:15:58.577+05:30  INFO 13792 --- [Address] [restartedMain] o.apache.catalina.core.StandardService   : Starting service [Tomcat]
2025-03-19T12:15:58.577+05:30  INFO 13792 --- [Address] [restartedMain] o.apache.catalina.core.StandardEngine    : Starting Servlet engine: [Apache Tomcat/10.1.36]
2025-03-19T12:15:58.657+05:30  INFO 13792 --- [Address] [restartedMain] o.a.c.c.C.[Tomcat].[localhost].[/]       : Initializing Spring embedded WebApplicationContext
2025-03-19T12:15:58.657+05:30  INFO 13792 --- [Address] [restartedMain] w.s.c.ServletWebServerApplicationContext : Root WebApplicationContext: initialization completed in 2313 ms
2025-03-19T12:15:58.737+05:30 DEBUG 13792 --- [Address] [restartedMain] com.AddressBook.Address.util.JwtFilter   : Filter 'jwtFilter' configured for use
2025-03-19T12:15:58.886+05:30  INFO 13792 --- [Address] [restartedMain] o.hibernate.jpa.internal.util.LogHelper  : HHH000204: Processing PersistenceUnitInfo [name: default]
2025-03-19T12:15:58.945+05:30  INFO 13792 --- [Address] [restartedMain] org.hibernate.Version                    : HHH000412: Hibernate ORM core version 6.6.8.Final
2025-03-19T12:15:58.981+05:30  INFO 13792 --- [Address] [restartedMain] o.h.c.internal.RegionFactoryInitiator    : HHH000026: Second-level cache disabled
2025-03-19T12:15:59.325+05:30  INFO 13792 --- [Address] [restartedMain] o.s.o.j.p.SpringPersistenceUnitInfo      : No LoadTimeWeaver setup: ignoring JPA class transformer
2025-03-19T12:15:59.359+05:30  INFO 13792 --- [Address] [restartedMain] com.zaxxer.hikari.HikariDataSource       : HikariPool-1 - Starting...
2025-03-19T12:15:59.743+05:30  INFO 13792 --- [Address] [restartedMain] com.zaxxer.hikari.pool.HikariPool        : HikariPool-1 - Added connection com.mysql.cj.jdbc.ConnectionImpl@783f4283
2025-03-19T12:15:59.746+05:30  INFO 13792 --- [Address] [restartedMain] com.zaxxer.hikari.HikariDataSource       : HikariPool-1 - Start completed.
2025-03-19T12:15:59.802+05:30  WARN 13792 --- [Address] [restartedMain] org.hibernate.orm.deprecation            : HHH90000025: MySQL8Dialect does not need to be specified explicitly using 'hibernate.dialect' (remove the property setting and it will be selected by default)
2025-03-19T12:15:59.803+05:30  WARN 13792 --- [Address] [restartedMain] org.hibernate.orm.deprecation            : HHH90000026: MySQL8Dialect has been deprecated; use org.hibernate.dialect.MySQLDialect instead
2025-03-19T12:15:59.823+05:30  INFO 13792 --- [Address] [restartedMain] org.hibernate.orm.connections.pooling    : HHH10001005: Database info:
	Database JDBC URL [Connecting through datasource 'HikariDataSource (HikariPool-1)']
	Database driver: undefined/unknown
	Database version: 8.0
	Autocommit mode: undefined/unknown
	Isolation level: undefined/unknown
	Minimum pool size: undefined/unknown
	Maximum pool size: undefined/unknown
2025-03-19T12:16:00.638+05:30  INFO 13792 --- [Address] [restartedMain] o.h.e.t.j.p.i.JtaPlatformInitiator       : HHH000489: No JTA platform available (set 'hibernate.transaction.jta.platform' to enable JTA platform integration)
2025-03-19T12:16:00.682+05:30  INFO 13792 --- [Address] [restartedMain] j.LocalContainerEntityManagerFactoryBean : Initialized JPA EntityManagerFactory for persistence unit 'default'
2025-03-19T12:16:01.650+05:30  WARN 13792 --- [Address] [restartedMain] JpaBaseConfiguration$JpaWebConfiguration : spring.jpa.open-in-view is enabled by default. Therefore, database queries may be performed during view rendering. Explicitly configure spring.jpa.open-in-view to disable this warning
2025-03-19T12:16:02.461+05:30  INFO 13792 --- [Address] [restartedMain] o.s.b.d.a.OptionalLiveReloadServer       : LiveReload server is running on port 35729
2025-03-19T12:16:02.534+05:30  INFO 13792 --- [Address] [restartedMain] o.s.b.w.embedded.tomcat.TomcatWebServer  : Tomcat started on port 8080 (http) with context path '/'
2025-03-19T12:16:02.539+05:30  INFO 13792 --- [Address] [restartedMain] o.s.a.r.c.CachingConnectionFactory       : Attempting to connect to: [localhost:5672]
2025-03-19T12:16:02.599+05:30  INFO 13792 --- [Address] [restartedMain] o.s.a.r.c.CachingConnectionFactory       : Created new connection: rabbitConnectionFactory#4fd79528:0/SimpleConnection@398c5481 [delegate=amqp://guest@127.0.0.1:5672/, localPort=53452]
2025-03-19T12:16:02.687+05:30  INFO 13792 --- [Address] [restartedMain] c.A.Address.AddressApplication           : Started AddressApplication in 6.962 seconds (process running for 7.614)
2025-03-19T12:16:06.099+05:30  INFO 13792 --- [Address] [org.springframework.amqp.rabbit.RabbitListenerEndpointContainer#0-2] o.s.a.r.l.SimpleMessageListenerContainer : Waiting for workers to finish.
2025-03-19T12:16:06.102+05:30  INFO 13792 --- [Address] [org.springframework.amqp.rabbit.RabbitListenerEndpointContainer#1-2] o.s.a.r.l.SimpleMessageListenerContainer : Waiting for workers to finish.
2025-03-19T12:16:06.712+05:30  INFO 13792 --- [Address] [org.springframework.amqp.rabbit.RabbitListenerEndpointContainer#0-2] o.s.a.r.l.SimpleMessageListenerContainer : Successfully waited for workers to finish.
2025-03-19T12:16:06.728+05:30  INFO 13792 --- [Address] [org.springframework.amqp.rabbit.RabbitListenerEndpointContainer#1-2] o.s.a.r.l.SimpleMessageListenerContainer : Successfully waited for workers to finish.
2025-03-19T12:16:06.731+05:30  INFO 13792 --- [Address] [SpringApplicationShutdownHook] o.s.b.w.e.tomcat.GracefulShutdown        : Commencing graceful shutdown. Waiting for active requests to complete
2025-03-19T12:16:06.762+05:30  INFO 13792 --- [Address] [tomcat-shutdown] o.s.b.w.e.tomcat.GracefulShutdown        : Graceful shutdown complete
2025-03-19T12:16:06.916+05:30  INFO 13792 --- [Address] [SpringApplicationShutdownHook] j.LocalContainerEntityManagerFactoryBean : Closing JPA EntityManagerFactory for persistence unit 'default'
2025-03-19T12:16:06.922+05:30  INFO 13792 --- [Address] [SpringApplicationShutdownHook] com.zaxxer.hikari.HikariDataSource       : HikariPool-1 - Shutdown initiated...
2025-03-19T12:16:06.943+05:30  INFO 13792 --- [Address] [SpringApplicationShutdownHook] com.zaxxer.hikari.HikariDataSource       : HikariPool-1 - Shutdown completed.
2025-03-19T13:21:31.283+05:30  INFO 25012 --- [Address] [restartedMain] c.A.Address.AddressApplication           : Starting AddressApplication using Java 23.0.2 with PID 25012 (D:\AddressBookWorkShop\target\classes started by ashut in D:\AddressBookWorkShop)
2025-03-19T13:21:31.287+05:30 DEBUG 25012 --- [Address] [restartedMain] c.A.Address.AddressApplication           : Running with Spring Boot v3.4.3, Spring v6.2.3
2025-03-19T13:21:31.288+05:30  INFO 25012 --- [Address] [restartedMain] c.A.Address.AddressApplication           : No active profile set, falling back to 1 default profile: "default"
2025-03-19T13:21:31.407+05:30  INFO 25012 --- [Address] [restartedMain] .e.DevToolsPropertyDefaultsPostProcessor : Devtools property defaults active! Set 'spring.devtools.add-properties' to 'false' to disable
2025-03-19T13:21:31.407+05:30  INFO 25012 --- [Address] [restartedMain] .e.DevToolsPropertyDefaultsPostProcessor : For additional web related logging consider setting the 'logging.level.web' property to 'DEBUG'
2025-03-19T13:21:33.413+05:30  INFO 25012 --- [Address] [restartedMain] .s.d.r.c.RepositoryConfigurationDelegate : Multiple Spring Data modules found, entering strict repository configuration mode
2025-03-19T13:21:33.416+05:30  INFO 25012 --- [Address] [restartedMain] .s.d.r.c.RepositoryConfigurationDelegate : Bootstrapping Spring Data JPA repositories in DEFAULT mode.
2025-03-19T13:21:33.635+05:30  INFO 25012 --- [Address] [restartedMain] .s.d.r.c.RepositoryConfigurationDelegate : Finished Spring Data repository scanning in 191 ms. Found 2 JPA repository interfaces.
2025-03-19T13:21:33.670+05:30  INFO 25012 --- [Address] [restartedMain] .s.d.r.c.RepositoryConfigurationDelegate : Multiple Spring Data modules found, entering strict repository configuration mode
2025-03-19T13:21:33.672+05:30  INFO 25012 --- [Address] [restartedMain] .s.d.r.c.RepositoryConfigurationDelegate : Bootstrapping Spring Data Redis repositories in DEFAULT mode.
2025-03-19T13:21:33.703+05:30  INFO 25012 --- [Address] [restartedMain] .RepositoryConfigurationExtensionSupport : Spring Data Redis - Could not safely identify store assignment for repository candidate interface com.AddressBook.Address.repository.AddressRepository; If you want this repository to be a Redis repository, consider annotating your entities with one of these annotations: org.springframework.data.redis.core.RedisHash (preferred), or consider extending one of the following types with your repository: org.springframework.data.keyvalue.repository.KeyValueRepository
2025-03-19T13:21:33.703+05:30  INFO 25012 --- [Address] [restartedMain] .RepositoryConfigurationExtensionSupport : Spring Data Redis - Could not safely identify store assignment for repository candidate interface com.AddressBook.Address.repository.UserRepository; If you want this repository to be a Redis repository, consider annotating your entities with one of these annotations: org.springframework.data.redis.core.RedisHash (preferred), or consider extending one of the following types with your repository: org.springframework.data.keyvalue.repository.KeyValueRepository
2025-03-19T13:21:33.703+05:30  INFO 25012 --- [Address] [restartedMain] .s.d.r.c.RepositoryConfigurationDelegate : Finished Spring Data repository scanning in 15 ms. Found 0 Redis repository interfaces.
2025-03-19T13:21:34.965+05:30  INFO 25012 --- [Address] [restartedMain] o.s.b.w.embedded.tomcat.TomcatWebServer  : Tomcat initialized with port 8080 (http)
2025-03-19T13:21:34.985+05:30  INFO 25012 --- [Address] [restartedMain] o.apache.catalina.core.StandardService   : Starting service [Tomcat]
2025-03-19T13:21:34.986+05:30  INFO 25012 --- [Address] [restartedMain] o.apache.catalina.core.StandardEngine    : Starting Servlet engine: [Apache Tomcat/10.1.36]
2025-03-19T13:21:35.094+05:30  INFO 25012 --- [Address] [restartedMain] o.a.c.c.C.[Tomcat].[localhost].[/]       : Initializing Spring embedded WebApplicationContext
2025-03-19T13:21:35.095+05:30  INFO 25012 --- [Address] [restartedMain] w.s.c.ServletWebServerApplicationContext : Root WebApplicationContext: initialization completed in 3685 ms
2025-03-19T13:21:35.226+05:30 DEBUG 25012 --- [Address] [restartedMain] com.AddressBook.Address.util.JwtFilter   : Filter 'jwtFilter' configured for use
2025-03-19T13:21:35.404+05:30  INFO 25012 --- [Address] [restartedMain] o.hibernate.jpa.internal.util.LogHelper  : HHH000204: Processing PersistenceUnitInfo [name: default]
2025-03-19T13:21:35.482+05:30  INFO 25012 --- [Address] [restartedMain] org.hibernate.Version                    : HHH000412: Hibernate ORM core version 6.6.8.Final
2025-03-19T13:21:35.530+05:30  INFO 25012 --- [Address] [restartedMain] o.h.c.internal.RegionFactoryInitiator    : HHH000026: Second-level cache disabled
2025-03-19T13:21:36.031+05:30  INFO 25012 --- [Address] [restartedMain] o.s.o.j.p.SpringPersistenceUnitInfo      : No LoadTimeWeaver setup: ignoring JPA class transformer
2025-03-19T13:21:36.097+05:30  INFO 25012 --- [Address] [restartedMain] com.zaxxer.hikari.HikariDataSource       : HikariPool-1 - Starting...
2025-03-19T13:21:36.669+05:30  INFO 25012 --- [Address] [restartedMain] com.zaxxer.hikari.pool.HikariPool        : HikariPool-1 - Added connection com.mysql.cj.jdbc.ConnectionImpl@5c0c4ef9
2025-03-19T13:21:36.672+05:30  INFO 25012 --- [Address] [restartedMain] com.zaxxer.hikari.HikariDataSource       : HikariPool-1 - Start completed.
2025-03-19T13:21:36.753+05:30  WARN 25012 --- [Address] [restartedMain] org.hibernate.orm.deprecation            : HHH90000025: MySQL8Dialect does not need to be specified explicitly using 'hibernate.dialect' (remove the property setting and it will be selected by default)
2025-03-19T13:21:36.756+05:30  WARN 25012 --- [Address] [restartedMain] org.hibernate.orm.deprecation            : HHH90000026: MySQL8Dialect has been deprecated; use org.hibernate.dialect.MySQLDialect instead
2025-03-19T13:21:36.786+05:30  INFO 25012 --- [Address] [restartedMain] org.hibernate.orm.connections.pooling    : HHH10001005: Database info:
	Database JDBC URL [Connecting through datasource 'HikariDataSource (HikariPool-1)']
	Database driver: undefined/unknown
	Database version: 8.0
	Autocommit mode: undefined/unknown
	Isolation level: undefined/unknown
	Minimum pool size: undefined/unknown
	Maximum pool size: undefined/unknown
2025-03-19T13:21:37.967+05:30  INFO 25012 --- [Address] [restartedMain] o.h.e.t.j.p.i.JtaPlatformInitiator       : HHH000489: No JTA platform available (set 'hibernate.transaction.jta.platform' to enable JTA platform integration)
2025-03-19T13:21:38.026+05:30  INFO 25012 --- [Address] [restartedMain] j.LocalContainerEntityManagerFactoryBean : Initialized JPA EntityManagerFactory for persistence unit 'default'
2025-03-19T13:21:39.357+05:30  WARN 25012 --- [Address] [restartedMain] JpaBaseConfiguration$JpaWebConfiguration : spring.jpa.open-in-view is enabled by default. Therefore, database queries may be performed during view rendering. Explicitly configure spring.jpa.open-in-view to disable this warning
2025-03-19T13:21:40.450+05:30  INFO 25012 --- [Address] [restartedMain] o.s.b.d.a.OptionalLiveReloadServer       : LiveReload server is running on port 35729
2025-03-19T13:21:40.529+05:30  INFO 25012 --- [Address] [restartedMain] o.s.b.w.embedded.tomcat.TomcatWebServer  : Tomcat started on port 8080 (http) with context path '/'
2025-03-19T13:21:40.535+05:30  INFO 25012 --- [Address] [restartedMain] o.s.a.r.c.CachingConnectionFactory       : Attempting to connect to: [localhost:5672]
2025-03-19T13:21:40.611+05:30  INFO 25012 --- [Address] [restartedMain] o.s.a.r.c.CachingConnectionFactory       : Created new connection: rabbitConnectionFactory#67da432:0/SimpleConnection@53eced1c [delegate=amqp://guest@127.0.0.1:5672/, localPort=62736]
2025-03-19T13:21:40.712+05:30  INFO 25012 --- [Address] [restartedMain] c.A.Address.AddressApplication           : Started AddressApplication in 10.196 seconds (process running for 11.164)
2025-03-19T13:21:58.898+05:30  INFO 25012 --- [Address] [org.springframework.amqp.rabbit.RabbitListenerEndpointContainer#0-2] o.s.a.r.l.SimpleMessageListenerContainer : Waiting for workers to finish.
2025-03-19T13:21:58.899+05:30  INFO 25012 --- [Address] [org.springframework.amqp.rabbit.RabbitListenerEndpointContainer#0-2] o.s.a.r.l.SimpleMessageListenerContainer : Successfully waited for workers to finish.
2025-03-19T13:21:58.900+05:30  INFO 25012 --- [Address] [org.springframework.amqp.rabbit.RabbitListenerEndpointContainer#1-2] o.s.a.r.l.SimpleMessageListenerContainer : Waiting for workers to finish.
2025-03-19T13:21:59.897+05:30  INFO 25012 --- [Address] [org.springframework.amqp.rabbit.RabbitListenerEndpointContainer#1-2] o.s.a.r.l.SimpleMessageListenerContainer : Successfully waited for workers to finish.
2025-03-19T13:21:59.900+05:30  INFO 25012 --- [Address] [SpringApplicationShutdownHook] o.s.b.w.e.tomcat.GracefulShutdown        : Commencing graceful shutdown. Waiting for active requests to complete
2025-03-19T13:21:59.924+05:30  INFO 25012 --- [Address] [tomcat-shutdown] o.s.b.w.e.tomcat.GracefulShutdown        : Graceful shutdown complete
2025-03-19T13:22:00.106+05:30  INFO 25012 --- [Address] [SpringApplicationShutdownHook] j.LocalContainerEntityManagerFactoryBean : Closing JPA EntityManagerFactory for persistence unit 'default'
2025-03-19T13:22:00.114+05:30  INFO 25012 --- [Address] [SpringApplicationShutdownHook] com.zaxxer.hikari.HikariDataSource       : HikariPool-1 - Shutdown initiated...
2025-03-19T13:22:00.137+05:30  INFO 25012 --- [Address] [SpringApplicationShutdownHook] com.zaxxer.hikari.HikariDataSource       : HikariPool-1 - Shutdown completed.
2025-03-19T13:28:29.888+05:30  INFO 26012 --- [Address] [restartedMain] c.A.Address.AddressApplication           : Starting AddressApplication using Java 23.0.2 with PID 26012 (D:\AddressBookWorkShop\target\classes started by ashut in D:\AddressBookWorkShop)
2025-03-19T13:28:29.890+05:30 DEBUG 26012 --- [Address] [restartedMain] c.A.Address.AddressApplication           : Running with Spring Boot v3.4.3, Spring v6.2.3
2025-03-19T13:28:29.892+05:30  INFO 26012 --- [Address] [restartedMain] c.A.Address.AddressApplication           : The following 1 profile is active: "DEV"
2025-03-19T13:28:30.009+05:30  INFO 26012 --- [Address] [restartedMain] .e.DevToolsPropertyDefaultsPostProcessor : Devtools property defaults active! Set 'spring.devtools.add-properties' to 'false' to disable
2025-03-19T13:28:30.009+05:30  INFO 26012 --- [Address] [restartedMain] .e.DevToolsPropertyDefaultsPostProcessor : For additional web related logging consider setting the 'logging.level.web' property to 'DEBUG'
2025-03-19T13:28:31.835+05:30  INFO 26012 --- [Address] [restartedMain] .s.d.r.c.RepositoryConfigurationDelegate : Multiple Spring Data modules found, entering strict repository configuration mode
2025-03-19T13:28:31.837+05:30  INFO 26012 --- [Address] [restartedMain] .s.d.r.c.RepositoryConfigurationDelegate : Bootstrapping Spring Data JPA repositories in DEFAULT mode.
2025-03-19T13:28:32.031+05:30  INFO 26012 --- [Address] [restartedMain] .s.d.r.c.RepositoryConfigurationDelegate : Finished Spring Data repository scanning in 170 ms. Found 2 JPA repository interfaces.
2025-03-19T13:28:32.065+05:30  INFO 26012 --- [Address] [restartedMain] .s.d.r.c.RepositoryConfigurationDelegate : Multiple Spring Data modules found, entering strict repository configuration mode
2025-03-19T13:28:32.067+05:30  INFO 26012 --- [Address] [restartedMain] .s.d.r.c.RepositoryConfigurationDelegate : Bootstrapping Spring Data Redis repositories in DEFAULT mode.
2025-03-19T13:28:32.095+05:30  INFO 26012 --- [Address] [restartedMain] .RepositoryConfigurationExtensionSupport : Spring Data Redis - Could not safely identify store assignment for repository candidate interface com.AddressBook.Address.repository.AddressRepository; If you want this repository to be a Redis repository, consider annotating your entities with one of these annotations: org.springframework.data.redis.core.RedisHash (preferred), or consider extending one of the following types with your repository: org.springframework.data.keyvalue.repository.KeyValueRepository
2025-03-19T13:28:32.096+05:30  INFO 26012 --- [Address] [restartedMain] .RepositoryConfigurationExtensionSupport : Spring Data Redis - Could not safely identify store assignment for repository candidate interface com.AddressBook.Address.repository.UserRepository; If you want this repository to be a Redis repository, consider annotating your entities with one of these annotations: org.springframework.data.redis.core.RedisHash (preferred), or consider extending one of the following types with your repository: org.springframework.data.keyvalue.repository.KeyValueRepository
2025-03-19T13:28:32.096+05:30  INFO 26012 --- [Address] [restartedMain] .s.d.r.c.RepositoryConfigurationDelegate : Finished Spring Data repository scanning in 13 ms. Found 0 Redis repository interfaces.
2025-03-19T13:28:33.419+05:30  INFO 26012 --- [Address] [restartedMain] o.s.b.w.embedded.tomcat.TomcatWebServer  : Tomcat initialized with port 8080 (http)
2025-03-19T13:28:33.447+05:30  INFO 26012 --- [Address] [restartedMain] o.apache.catalina.core.StandardService   : Starting service [Tomcat]
2025-03-19T13:28:33.447+05:30  INFO 26012 --- [Address] [restartedMain] o.apache.catalina.core.StandardEngine    : Starting Servlet engine: [Apache Tomcat/10.1.36]
2025-03-19T13:28:33.561+05:30  INFO 26012 --- [Address] [restartedMain] o.a.c.c.C.[Tomcat].[localhost].[/]       : Initializing Spring embedded WebApplicationContext
2025-03-19T13:28:33.562+05:30  INFO 26012 --- [Address] [restartedMain] w.s.c.ServletWebServerApplicationContext : Root WebApplicationContext: initialization completed in 3552 ms
2025-03-19T13:28:33.707+05:30 DEBUG 26012 --- [Address] [restartedMain] com.AddressBook.Address.util.JwtFilter   : Filter 'jwtFilter' configured for use
2025-03-19T13:28:33.882+05:30  INFO 26012 --- [Address] [restartedMain] o.hibernate.jpa.internal.util.LogHelper  : HHH000204: Processing PersistenceUnitInfo [name: default]
2025-03-19T13:28:33.962+05:30  INFO 26012 --- [Address] [restartedMain] org.hibernate.Version                    : HHH000412: Hibernate ORM core version 6.6.8.Final
2025-03-19T13:28:34.036+05:30  INFO 26012 --- [Address] [restartedMain] o.h.c.internal.RegionFactoryInitiator    : HHH000026: Second-level cache disabled
2025-03-19T13:28:34.534+05:30  INFO 26012 --- [Address] [restartedMain] o.s.o.j.p.SpringPersistenceUnitInfo      : No LoadTimeWeaver setup: ignoring JPA class transformer
2025-03-19T13:28:34.590+05:30  INFO 26012 --- [Address] [restartedMain] com.zaxxer.hikari.HikariDataSource       : HikariPool-1 - Starting...
2025-03-19T13:28:35.139+05:30  INFO 26012 --- [Address] [restartedMain] com.zaxxer.hikari.pool.HikariPool        : HikariPool-1 - Added connection com.mysql.cj.jdbc.ConnectionImpl@1c664590
2025-03-19T13:28:35.142+05:30  INFO 26012 --- [Address] [restartedMain] com.zaxxer.hikari.HikariDataSource       : HikariPool-1 - Start completed.
2025-03-19T13:28:35.218+05:30  WARN 26012 --- [Address] [restartedMain] org.hibernate.orm.deprecation            : HHH90000025: MySQL8Dialect does not need to be specified explicitly using 'hibernate.dialect' (remove the property setting and it will be selected by default)
2025-03-19T13:28:35.219+05:30  WARN 26012 --- [Address] [restartedMain] org.hibernate.orm.deprecation            : HHH90000026: MySQL8Dialect has been deprecated; use org.hibernate.dialect.MySQLDialect instead
2025-03-19T13:28:35.250+05:30  INFO 26012 --- [Address] [restartedMain] org.hibernate.orm.connections.pooling    : HHH10001005: Database info:
	Database JDBC URL [Connecting through datasource 'HikariDataSource (HikariPool-1)']
	Database driver: undefined/unknown
	Database version: 8.0
	Autocommit mode: undefined/unknown
	Isolation level: undefined/unknown
	Minimum pool size: undefined/unknown
	Maximum pool size: undefined/unknown
2025-03-19T13:28:36.368+05:30  INFO 26012 --- [Address] [restartedMain] o.h.e.t.j.p.i.JtaPlatformInitiator       : HHH000489: No JTA platform available (set 'hibernate.transaction.jta.platform' to enable JTA platform integration)
2025-03-19T13:28:36.424+05:30  INFO 26012 --- [Address] [restartedMain] j.LocalContainerEntityManagerFactoryBean : Initialized JPA EntityManagerFactory for persistence unit 'default'
2025-03-19T13:28:37.753+05:30  WARN 26012 --- [Address] [restartedMain] JpaBaseConfiguration$JpaWebConfiguration : spring.jpa.open-in-view is enabled by default. Therefore, database queries may be performed during view rendering. Explicitly configure spring.jpa.open-in-view to disable this warning
2025-03-19T13:28:38.904+05:30  INFO 26012 --- [Address] [restartedMain] o.s.b.d.a.OptionalLiveReloadServer       : LiveReload server is running on port 35729
2025-03-19T13:28:39.002+05:30  INFO 26012 --- [Address] [restartedMain] o.s.b.w.embedded.tomcat.TomcatWebServer  : Tomcat started on port 8080 (http) with context path '/'
2025-03-19T13:28:39.009+05:30  INFO 26012 --- [Address] [restartedMain] o.s.a.r.c.CachingConnectionFactory       : Attempting to connect to: [localhost:5672]
2025-03-19T13:28:39.099+05:30  INFO 26012 --- [Address] [restartedMain] o.s.a.r.c.CachingConnectionFactory       : Created new connection: rabbitConnectionFactory#697a5d67:0/SimpleConnection@12f0d8db [delegate=amqp://guest@127.0.0.1:5672/, localPort=63183]
2025-03-19T13:28:39.244+05:30  INFO 26012 --- [Address] [restartedMain] c.A.Address.AddressApplication           : Started AddressApplication in 10.147 seconds (process running for 11.058)
2025-03-19T13:28:43.032+05:30  INFO 26012 --- [Address] [org.springframework.amqp.rabbit.RabbitListenerEndpointContainer#0-2] o.s.a.r.l.SimpleMessageListenerContainer : Waiting for workers to finish.
2025-03-19T13:28:43.034+05:30  INFO 26012 --- [Address] [org.springframework.amqp.rabbit.RabbitListenerEndpointContainer#1-2] o.s.a.r.l.SimpleMessageListenerContainer : Waiting for workers to finish.
2025-03-19T13:28:43.255+05:30  INFO 26012 --- [Address] [org.springframework.amqp.rabbit.RabbitListenerEndpointContainer#1-2] o.s.a.r.l.SimpleMessageListenerContainer : Successfully waited for workers to finish.
2025-03-19T13:28:43.255+05:30  INFO 26012 --- [Address] [org.springframework.amqp.rabbit.RabbitListenerEndpointContainer#0-2] o.s.a.r.l.SimpleMessageListenerContainer : Successfully waited for workers to finish.
2025-03-19T13:28:43.257+05:30  INFO 26012 --- [Address] [SpringApplicationShutdownHook] o.s.b.w.e.tomcat.GracefulShutdown        : Commencing graceful shutdown. Waiting for active requests to complete
2025-03-19T13:28:43.269+05:30  INFO 26012 --- [Address] [tomcat-shutdown] o.s.b.w.e.tomcat.GracefulShutdown        : Graceful shutdown complete
2025-03-19T13:28:43.413+05:30  INFO 26012 --- [Address] [SpringApplicationShutdownHook] j.LocalContainerEntityManagerFactoryBean : Closing JPA EntityManagerFactory for persistence unit 'default'
2025-03-19T13:28:43.422+05:30  INFO 26012 --- [Address] [SpringApplicationShutdownHook] com.zaxxer.hikari.HikariDataSource       : HikariPool-1 - Shutdown initiated...
2025-03-19T13:28:43.442+05:30  INFO 26012 --- [Address] [SpringApplicationShutdownHook] com.zaxxer.hikari.HikariDataSource       : HikariPool-1 - Shutdown completed.
2025-03-19T13:28:59.788+05:30  INFO 24040 --- [Address] [restartedMain] c.A.Address.AddressApplication           : Starting AddressApplication using Java 23.0.2 with PID 24040 (D:\AddressBookWorkShop\target\classes started by ashut in D:\AddressBookWorkShop)
2025-03-19T13:28:59.790+05:30 DEBUG 24040 --- [Address] [restartedMain] c.A.Address.AddressApplication           : Running with Spring Boot v3.4.3, Spring v6.2.3
2025-03-19T13:28:59.792+05:30  INFO 24040 --- [Address] [restartedMain] c.A.Address.AddressApplication           : The following 1 profile is active: "PRODUCTION"
2025-03-19T13:28:59.915+05:30  INFO 24040 --- [Address] [restartedMain] .e.DevToolsPropertyDefaultsPostProcessor : Devtools property defaults active! Set 'spring.devtools.add-properties' to 'false' to disable
2025-03-19T13:28:59.915+05:30  INFO 24040 --- [Address] [restartedMain] .e.DevToolsPropertyDefaultsPostProcessor : For additional web related logging consider setting the 'logging.level.web' property to 'DEBUG'
2025-03-19T13:29:01.844+05:30  INFO 24040 --- [Address] [restartedMain] .s.d.r.c.RepositoryConfigurationDelegate : Multiple Spring Data modules found, entering strict repository configuration mode
2025-03-19T13:29:01.847+05:30  INFO 24040 --- [Address] [restartedMain] .s.d.r.c.RepositoryConfigurationDelegate : Bootstrapping Spring Data JPA repositories in DEFAULT mode.
2025-03-19T13:29:02.076+05:30  INFO 24040 --- [Address] [restartedMain] .s.d.r.c.RepositoryConfigurationDelegate : Finished Spring Data repository scanning in 204 ms. Found 2 JPA repository interfaces.
2025-03-19T13:29:02.107+05:30  INFO 24040 --- [Address] [restartedMain] .s.d.r.c.RepositoryConfigurationDelegate : Multiple Spring Data modules found, entering strict repository configuration mode
2025-03-19T13:29:02.114+05:30  INFO 24040 --- [Address] [restartedMain] .s.d.r.c.RepositoryConfigurationDelegate : Bootstrapping Spring Data Redis repositories in DEFAULT mode.
2025-03-19T13:29:02.157+05:30  INFO 24040 --- [Address] [restartedMain] .RepositoryConfigurationExtensionSupport : Spring Data Redis - Could not safely identify store assignment for repository candidate interface com.AddressBook.Address.repository.AddressRepository; If you want this repository to be a Redis repository, consider annotating your entities with one of these annotations: org.springframework.data.redis.core.RedisHash (preferred), or consider extending one of the following types with your repository: org.springframework.data.keyvalue.repository.KeyValueRepository
2025-03-19T13:29:02.158+05:30  INFO 24040 --- [Address] [restartedMain] .RepositoryConfigurationExtensionSupport : Spring Data Redis - Could not safely identify store assignment for repository candidate interface com.AddressBook.Address.repository.UserRepository; If you want this repository to be a Redis repository, consider annotating your entities with one of these annotations: org.springframework.data.redis.core.RedisHash (preferred), or consider extending one of the following types with your repository: org.springframework.data.keyvalue.repository.KeyValueRepository
2025-03-19T13:29:02.158+05:30  INFO 24040 --- [Address] [restartedMain] .s.d.r.c.RepositoryConfigurationDelegate : Finished Spring Data repository scanning in 14 ms. Found 0 Redis repository interfaces.
2025-03-19T13:29:03.492+05:30  INFO 24040 --- [Address] [restartedMain] o.s.b.w.embedded.tomcat.TomcatWebServer  : Tomcat initialized with port 8080 (http)
2025-03-19T13:29:03.521+05:30  INFO 24040 --- [Address] [restartedMain] o.apache.catalina.core.StandardService   : Starting service [Tomcat]
2025-03-19T13:29:03.522+05:30  INFO 24040 --- [Address] [restartedMain] o.apache.catalina.core.StandardEngine    : Starting Servlet engine: [Apache Tomcat/10.1.36]
2025-03-19T13:29:03.667+05:30  INFO 24040 --- [Address] [restartedMain] o.a.c.c.C.[Tomcat].[localhost].[/]       : Initializing Spring embedded WebApplicationContext
2025-03-19T13:29:03.668+05:30  INFO 24040 --- [Address] [restartedMain] w.s.c.ServletWebServerApplicationContext : Root WebApplicationContext: initialization completed in 3752 ms
2025-03-19T13:29:03.807+05:30 DEBUG 24040 --- [Address] [restartedMain] com.AddressBook.Address.util.JwtFilter   : Filter 'jwtFilter' configured for use
2025-03-19T13:29:03.990+05:30  INFO 24040 --- [Address] [restartedMain] o.hibernate.jpa.internal.util.LogHelper  : HHH000204: Processing PersistenceUnitInfo [name: default]
2025-03-19T13:29:04.089+05:30  INFO 24040 --- [Address] [restartedMain] org.hibernate.Version                    : HHH000412: Hibernate ORM core version 6.6.8.Final
2025-03-19T13:29:04.148+05:30  INFO 24040 --- [Address] [restartedMain] o.h.c.internal.RegionFactoryInitiator    : HHH000026: Second-level cache disabled
2025-03-19T13:29:04.698+05:30  INFO 24040 --- [Address] [restartedMain] o.s.o.j.p.SpringPersistenceUnitInfo      : No LoadTimeWeaver setup: ignoring JPA class transformer
2025-03-19T13:29:04.755+05:30  INFO 24040 --- [Address] [restartedMain] com.zaxxer.hikari.HikariDataSource       : HikariPool-1 - Starting...
2025-03-19T13:29:05.318+05:30  INFO 24040 --- [Address] [restartedMain] com.zaxxer.hikari.pool.HikariPool        : HikariPool-1 - Added connection com.mysql.cj.jdbc.ConnectionImpl@19c7473f
2025-03-19T13:29:05.321+05:30  INFO 24040 --- [Address] [restartedMain] com.zaxxer.hikari.HikariDataSource       : HikariPool-1 - Start completed.
2025-03-19T13:29:05.409+05:30  WARN 24040 --- [Address] [restartedMain] org.hibernate.orm.deprecation            : HHH90000025: MySQL8Dialect does not need to be specified explicitly using 'hibernate.dialect' (remove the property setting and it will be selected by default)
2025-03-19T13:29:05.413+05:30  WARN 24040 --- [Address] [restartedMain] org.hibernate.orm.deprecation            : HHH90000026: MySQL8Dialect has been deprecated; use org.hibernate.dialect.MySQLDialect instead
2025-03-19T13:29:05.456+05:30  INFO 24040 --- [Address] [restartedMain] org.hibernate.orm.connections.pooling    : HHH10001005: Database info:
	Database JDBC URL [Connecting through datasource 'HikariDataSource (HikariPool-1)']
	Database driver: undefined/unknown
	Database version: 8.0
	Autocommit mode: undefined/unknown
	Isolation level: undefined/unknown
	Minimum pool size: undefined/unknown
	Maximum pool size: undefined/unknown
2025-03-19T13:29:06.672+05:30  INFO 24040 --- [Address] [restartedMain] o.h.e.t.j.p.i.JtaPlatformInitiator       : HHH000489: No JTA platform available (set 'hibernate.transaction.jta.platform' to enable JTA platform integration)
2025-03-19T13:29:06.742+05:30  INFO 24040 --- [Address] [restartedMain] j.LocalContainerEntityManagerFactoryBean : Initialized JPA EntityManagerFactory for persistence unit 'default'
2025-03-19T13:29:08.060+05:30  WARN 24040 --- [Address] [restartedMain] JpaBaseConfiguration$JpaWebConfiguration : spring.jpa.open-in-view is enabled by default. Therefore, database queries may be performed during view rendering. Explicitly configure spring.jpa.open-in-view to disable this warning
2025-03-19T13:29:09.067+05:30  INFO 24040 --- [Address] [restartedMain] o.s.b.d.a.OptionalLiveReloadServer       : LiveReload server is running on port 35729
2025-03-19T13:29:09.172+05:30  INFO 24040 --- [Address] [restartedMain] o.s.b.w.embedded.tomcat.TomcatWebServer  : Tomcat started on port 8080 (http) with context path '/'
2025-03-19T13:29:09.178+05:30  INFO 24040 --- [Address] [restartedMain] o.s.a.r.c.CachingConnectionFactory       : Attempting to connect to: [localhost:5672]
2025-03-19T13:29:09.247+05:30  INFO 24040 --- [Address] [restartedMain] o.s.a.r.c.CachingConnectionFactory       : Created new connection: rabbitConnectionFactory#1304c8ae:0/SimpleConnection@50001ea6 [delegate=amqp://guest@127.0.0.1:5672/, localPort=63265]
2025-03-19T13:29:09.395+05:30  INFO 24040 --- [Address] [restartedMain] c.A.Address.AddressApplication           : Started AddressApplication in 10.372 seconds (process running for 11.24)
2025-03-19T13:29:16.479+05:30  INFO 24040 --- [Address] [org.springframework.amqp.rabbit.RabbitListenerEndpointContainer#0-2] o.s.a.r.l.SimpleMessageListenerContainer : Waiting for workers to finish.
2025-03-19T13:29:16.480+05:30  INFO 24040 --- [Address] [org.springframework.amqp.rabbit.RabbitListenerEndpointContainer#0-2] o.s.a.r.l.SimpleMessageListenerContainer : Successfully waited for workers to finish.
2025-03-19T13:29:16.481+05:30  INFO 24040 --- [Address] [org.springframework.amqp.rabbit.RabbitListenerEndpointContainer#1-2] o.s.a.r.l.SimpleMessageListenerContainer : Waiting for workers to finish.
2025-03-19T13:29:17.434+05:30  INFO 24040 --- [Address] [org.springframework.amqp.rabbit.RabbitListenerEndpointContainer#1-2] o.s.a.r.l.SimpleMessageListenerContainer : Successfully waited for workers to finish.
2025-03-19T13:29:17.437+05:30  INFO 24040 --- [Address] [SpringApplicationShutdownHook] o.s.b.w.e.tomcat.GracefulShutdown        : Commencing graceful shutdown. Waiting for active requests to complete
2025-03-19T13:29:17.463+05:30  INFO 24040 --- [Address] [tomcat-shutdown] o.s.b.w.e.tomcat.GracefulShutdown        : Graceful shutdown complete
2025-03-19T13:29:17.621+05:30  INFO 24040 --- [Address] [SpringApplicationShutdownHook] j.LocalContainerEntityManagerFactoryBean : Closing JPA EntityManagerFactory for persistence unit 'default'
2025-03-19T13:29:17.627+05:30  INFO 24040 --- [Address] [SpringApplicationShutdownHook] com.zaxxer.hikari.HikariDataSource       : HikariPool-1 - Shutdown initiated...
2025-03-19T13:29:17.640+05:30  INFO 24040 --- [Address] [SpringApplicationShutdownHook] com.zaxxer.hikari.HikariDataSource       : HikariPool-1 - Shutdown completed.
